2024-11-14T09:51:11.340Z [Pet Care Management System] info: User updated succesfully:${user.username}(${user.email});
2024-11-14T09:52:40.157Z [Pet Care Management System] info: User updated succesfully:${user.username}(${user.email});
2024-11-14T09:55:05.932Z [Pet Care Management System] info: Users fetched successfully;
2024-11-14T09:55:27.866Z [Pet Care Management System] info: User fetched successfully : ${user.username} (${user.email});
2024-11-14T09:58:04.761Z [Pet Care Management System] info: User deleted successfully: ${user.username} (${user.email});
2024-11-14T10:22:20.971Z [Pet Care Management System] info: Category created successfully.;
2024-11-14T10:35:24.869Z [Pet Care Management System] info: Category created successfully.;
2024-11-14T10:35:38.306Z [Pet Care Management System] info: Category created successfully.;
2024-11-14T10:35:58.709Z [Pet Care Management System] error: ReferenceError: Cannot access 'category' before initialization
    at exports.updateCategory (D:\Workspace\petshop-backend\petshop-backend\backend\controllers\category.js:33:22)
    at Layer.handle [as handle_request] (D:\Workspace\petshop-backend\petshop-backend\backend\node_modules\express\lib\router\layer.js:95:5)
    at next (D:\Workspace\petshop-backend\petshop-backend\backend\node_modules\express\lib\router\route.js:149:13)
    at Route.dispatch (D:\Workspace\petshop-backend\petshop-backend\backend\node_modules\express\lib\router\route.js:119:3)
    at Layer.handle [as handle_request] (D:\Workspace\petshop-backend\petshop-backend\backend\node_modules\express\lib\router\layer.js:95:5)
    at D:\Workspace\petshop-backend\petshop-backend\backend\node_modules\express\lib\router\index.js:284:15
    at param (D:\Workspace\petshop-backend\petshop-backend\backend\node_modules\express\lib\router\index.js:365:14)
    at param (D:\Workspace\petshop-backend\petshop-backend\backend\node_modules\express\lib\router\index.js:376:14)
    at Function.process_params (D:\Workspace\petshop-backend\petshop-backend\backend\node_modules\express\lib\router\index.js:421:3)
    at next (D:\Workspace\petshop-backend\petshop-backend\backend\node_modules\express\lib\router\index.js:280:10);
2024-11-14T10:36:10.898Z [Pet Care Management System] error: ReferenceError: Cannot access 'category' before initialization
    at exports.updateCategory (D:\Workspace\petshop-backend\petshop-backend\backend\controllers\category.js:33:22)
    at Layer.handle [as handle_request] (D:\Workspace\petshop-backend\petshop-backend\backend\node_modules\express\lib\router\layer.js:95:5)
    at next (D:\Workspace\petshop-backend\petshop-backend\backend\node_modules\express\lib\router\route.js:149:13)
    at Route.dispatch (D:\Workspace\petshop-backend\petshop-backend\backend\node_modules\express\lib\router\route.js:119:3)
    at Layer.handle [as handle_request] (D:\Workspace\petshop-backend\petshop-backend\backend\node_modules\express\lib\router\layer.js:95:5)
    at D:\Workspace\petshop-backend\petshop-backend\backend\node_modules\express\lib\router\index.js:284:15
    at param (D:\Workspace\petshop-backend\petshop-backend\backend\node_modules\express\lib\router\index.js:365:14)
    at param (D:\Workspace\petshop-backend\petshop-backend\backend\node_modules\express\lib\router\index.js:376:14)
    at Function.process_params (D:\Workspace\petshop-backend\petshop-backend\backend\node_modules\express\lib\router\index.js:421:3)
    at next (D:\Workspace\petshop-backend\petshop-backend\backend\node_modules\express\lib\router\index.js:280:10);
2024-11-14T10:38:38.867Z [Pet Care Management System] error: ReferenceError: Cannot access 'category' before initialization
    at exports.updateCategory (D:\Workspace\petshop-backend\petshop-backend\backend\controllers\category.js:33:22)
    at Layer.handle [as handle_request] (D:\Workspace\petshop-backend\petshop-backend\backend\node_modules\express\lib\router\layer.js:95:5)
    at next (D:\Workspace\petshop-backend\petshop-backend\backend\node_modules\express\lib\router\route.js:149:13)
    at Route.dispatch (D:\Workspace\petshop-backend\petshop-backend\backend\node_modules\express\lib\router\route.js:119:3)
    at Layer.handle [as handle_request] (D:\Workspace\petshop-backend\petshop-backend\backend\node_modules\express\lib\router\layer.js:95:5)
    at D:\Workspace\petshop-backend\petshop-backend\backend\node_modules\express\lib\router\index.js:284:15
    at param (D:\Workspace\petshop-backend\petshop-backend\backend\node_modules\express\lib\router\index.js:365:14)
    at param (D:\Workspace\petshop-backend\petshop-backend\backend\node_modules\express\lib\router\index.js:376:14)
    at Function.process_params (D:\Workspace\petshop-backend\petshop-backend\backend\node_modules\express\lib\router\index.js:421:3)
    at next (D:\Workspace\petshop-backend\petshop-backend\backend\node_modules\express\lib\router\index.js:280:10);
2024-11-14T10:44:50.804Z [Pet Care Management System] error: ReferenceError: Cannot access 'category' before initialization
    at exports.updateCategory (D:\Workspace\petshop-backend\petshop-backend\backend\controllers\category.js:33:22)
    at Layer.handle [as handle_request] (D:\Workspace\petshop-backend\petshop-backend\backend\node_modules\express\lib\router\layer.js:95:5)
    at next (D:\Workspace\petshop-backend\petshop-backend\backend\node_modules\express\lib\router\route.js:149:13)
    at Route.dispatch (D:\Workspace\petshop-backend\petshop-backend\backend\node_modules\express\lib\router\route.js:119:3)
    at Layer.handle [as handle_request] (D:\Workspace\petshop-backend\petshop-backend\backend\node_modules\express\lib\router\layer.js:95:5)
    at D:\Workspace\petshop-backend\petshop-backend\backend\node_modules\express\lib\router\index.js:284:15
    at param (D:\Workspace\petshop-backend\petshop-backend\backend\node_modules\express\lib\router\index.js:365:14)
    at param (D:\Workspace\petshop-backend\petshop-backend\backend\node_modules\express\lib\router\index.js:376:14)
    at Function.process_params (D:\Workspace\petshop-backend\petshop-backend\backend\node_modules\express\lib\router\index.js:421:3)
    at next (D:\Workspace\petshop-backend\petshop-backend\backend\node_modules\express\lib\router\index.js:280:10);
2024-11-14T10:46:43.469Z [Pet Care Management System] info: Categories fetched successfully;
2024-11-14T10:47:13.194Z [Pet Care Management System] error: ReferenceError: Cannot access 'category' before initialization
    at exports.updateCategory (D:\Workspace\petshop-backend\petshop-backend\backend\controllers\category.js:33:22)
    at Layer.handle [as handle_request] (D:\Workspace\petshop-backend\petshop-backend\backend\node_modules\express\lib\router\layer.js:95:5)
    at next (D:\Workspace\petshop-backend\petshop-backend\backend\node_modules\express\lib\router\route.js:149:13)
    at Route.dispatch (D:\Workspace\petshop-backend\petshop-backend\backend\node_modules\express\lib\router\route.js:119:3)
    at Layer.handle [as handle_request] (D:\Workspace\petshop-backend\petshop-backend\backend\node_modules\express\lib\router\layer.js:95:5)
    at D:\Workspace\petshop-backend\petshop-backend\backend\node_modules\express\lib\router\index.js:284:15
    at param (D:\Workspace\petshop-backend\petshop-backend\backend\node_modules\express\lib\router\index.js:365:14)
    at param (D:\Workspace\petshop-backend\petshop-backend\backend\node_modules\express\lib\router\index.js:376:14)
    at Function.process_params (D:\Workspace\petshop-backend\petshop-backend\backend\node_modules\express\lib\router\index.js:421:3)
    at next (D:\Workspace\petshop-backend\petshop-backend\backend\node_modules\express\lib\router\index.js:280:10);
2024-11-14T10:48:25.768Z [Pet Care Management System] error: ReferenceError: Cannot access 'category' before initialization
    at exports.updateCategory (D:\Workspace\petshop-backend\petshop-backend\backend\controllers\category.js:33:22)
    at Layer.handle [as handle_request] (D:\Workspace\petshop-backend\petshop-backend\backend\node_modules\express\lib\router\layer.js:95:5)
    at next (D:\Workspace\petshop-backend\petshop-backend\backend\node_modules\express\lib\router\route.js:149:13)
    at Route.dispatch (D:\Workspace\petshop-backend\petshop-backend\backend\node_modules\express\lib\router\route.js:119:3)
    at Layer.handle [as handle_request] (D:\Workspace\petshop-backend\petshop-backend\backend\node_modules\express\lib\router\layer.js:95:5)
    at D:\Workspace\petshop-backend\petshop-backend\backend\node_modules\express\lib\router\index.js:284:15
    at param (D:\Workspace\petshop-backend\petshop-backend\backend\node_modules\express\lib\router\index.js:365:14)
    at param (D:\Workspace\petshop-backend\petshop-backend\backend\node_modules\express\lib\router\index.js:376:14)
    at Function.process_params (D:\Workspace\petshop-backend\petshop-backend\backend\node_modules\express\lib\router\index.js:421:3)
    at next (D:\Workspace\petshop-backend\petshop-backend\backend\node_modules\express\lib\router\index.js:280:10);
2024-11-14T10:49:36.286Z [Pet Care Management System] error: ReferenceError: Cannot access 'category' before initialization
    at exports.updateCategory (D:\Workspace\petshop-backend\petshop-backend\backend\controllers\category.js:33:22)
    at Layer.handle [as handle_request] (D:\Workspace\petshop-backend\petshop-backend\backend\node_modules\express\lib\router\layer.js:95:5)
    at next (D:\Workspace\petshop-backend\petshop-backend\backend\node_modules\express\lib\router\route.js:149:13)
    at Route.dispatch (D:\Workspace\petshop-backend\petshop-backend\backend\node_modules\express\lib\router\route.js:119:3)
    at Layer.handle [as handle_request] (D:\Workspace\petshop-backend\petshop-backend\backend\node_modules\express\lib\router\layer.js:95:5)
    at D:\Workspace\petshop-backend\petshop-backend\backend\node_modules\express\lib\router\index.js:284:15
    at param (D:\Workspace\petshop-backend\petshop-backend\backend\node_modules\express\lib\router\index.js:365:14)
    at param (D:\Workspace\petshop-backend\petshop-backend\backend\node_modules\express\lib\router\index.js:376:14)
    at Function.process_params (D:\Workspace\petshop-backend\petshop-backend\backend\node_modules\express\lib\router\index.js:421:3)
    at next (D:\Workspace\petshop-backend\petshop-backend\backend\node_modules\express\lib\router\index.js:280:10);
2024-11-14T10:51:53.325Z [Pet Care Management System] info: Category updated successfully;
2024-11-14T10:52:17.560Z [Pet Care Management System] info: Category created successfully.;
2024-11-14T10:52:24.763Z [Pet Care Management System] info: Categories fetched successfully;
2024-11-14T10:52:54.657Z [Pet Care Management System] info: Category fetched successfully;
2024-11-14T10:54:51.285Z [Pet Care Management System] info: Category deleted successfully;
2024-11-14T11:06:18.580Z [Pet Care Management System] info: Product created successfully.;
2024-11-14T11:09:41.740Z [Pet Care Management System] info: Product created successfully.;
2024-11-14T11:12:38.572Z [Pet Care Management System] info: Product created successfully.;
2024-11-14T11:14:29.716Z [Pet Care Management System] info: Product created successfully.;
2024-11-14T11:25:49.852Z [Pet Care Management System] info: Product created successfully.;
2024-11-14T11:27:39.818Z [Pet Care Management System] error: ReferenceError: Cannot access 'product' before initialization
    at exports.updateProduct (D:\Workspace\petshop-backend\petshop-backend\backend\controllers\product.js:62:21)
    at Layer.handle [as handle_request] (D:\Workspace\petshop-backend\petshop-backend\backend\node_modules\express\lib\router\layer.js:95:5)
    at next (D:\Workspace\petshop-backend\petshop-backend\backend\node_modules\express\lib\router\route.js:149:13)
    at Route.dispatch (D:\Workspace\petshop-backend\petshop-backend\backend\node_modules\express\lib\router\route.js:119:3)
    at Layer.handle [as handle_request] (D:\Workspace\petshop-backend\petshop-backend\backend\node_modules\express\lib\router\layer.js:95:5)
    at D:\Workspace\petshop-backend\petshop-backend\backend\node_modules\express\lib\router\index.js:284:15
    at param (D:\Workspace\petshop-backend\petshop-backend\backend\node_modules\express\lib\router\index.js:365:14)
    at param (D:\Workspace\petshop-backend\petshop-backend\backend\node_modules\express\lib\router\index.js:376:14)
    at Function.process_params (D:\Workspace\petshop-backend\petshop-backend\backend\node_modules\express\lib\router\index.js:421:3)
    at next (D:\Workspace\petshop-backend\petshop-backend\backend\node_modules\express\lib\router\index.js:280:10);
2024-11-14T11:29:59.028Z [Pet Care Management System] info: Product updated successfully;
2024-11-14T11:30:52.548Z [Pet Care Management System] info: Product updated successfully;
2024-11-14T11:31:30.515Z [Pet Care Management System] info: Product updated successfully;
2024-11-14T11:32:44.101Z [Pet Care Management System] info: Products fetched successfully;
2024-11-14T11:33:16.841Z [Pet Care Management System] info: Product fetched successfully;
2024-11-14T11:34:03.629Z [Pet Care Management System] info: Product deleted successfully;
2024-11-14T11:44:11.825Z [Pet Care Management System] info: Service created successfully.;
2024-11-14T11:46:03.418Z [Pet Care Management System] info: Service created successfully.;
2024-11-14T11:46:46.608Z [Pet Care Management System] info: Service updated successfully;
2024-11-14T11:47:16.232Z [Pet Care Management System] info: Services fetched successfully;
2024-11-14T11:47:41.288Z [Pet Care Management System] info: Service fetched successfully;
2024-11-14T11:48:11.183Z [Pet Care Management System] info: Service deleted successfully;
2024-11-14T11:56:19.230Z [Pet Care Management System] error: ReferenceError: userId is not defined
    at exports.createAppointment (D:\Workspace\petshop-backend\petshop-backend\backend\controllers\appointment.js:11:9)
    at Layer.handle [as handle_request] (D:\Workspace\petshop-backend\petshop-backend\backend\node_modules\express\lib\router\layer.js:95:5)
    at next (D:\Workspace\petshop-backend\petshop-backend\backend\node_modules\express\lib\router\route.js:149:13)
    at Route.dispatch (D:\Workspace\petshop-backend\petshop-backend\backend\node_modules\express\lib\router\route.js:119:3)
    at Layer.handle [as handle_request] (D:\Workspace\petshop-backend\petshop-backend\backend\node_modules\express\lib\router\layer.js:95:5)
    at D:\Workspace\petshop-backend\petshop-backend\backend\node_modules\express\lib\router\index.js:284:15
    at Function.process_params (D:\Workspace\petshop-backend\petshop-backend\backend\node_modules\express\lib\router\index.js:346:12)
    at next (D:\Workspace\petshop-backend\petshop-backend\backend\node_modules\express\lib\router\index.js:280:10)
    at Function.handle (D:\Workspace\petshop-backend\petshop-backend\backend\node_modules\express\lib\router\index.js:175:3)
    at router (D:\Workspace\petshop-backend\petshop-backend\backend\node_modules\express\lib\router\index.js:47:12);
2024-11-14T11:59:07.630Z [Pet Care Management System] info: Appointment created successfully.;
2024-11-14T11:59:39.434Z [Pet Care Management System] error: Error
    at Query.run (D:\Workspace\petshop-backend\petshop-backend\backend\node_modules\sequelize\lib\dialects\postgres\query.js:50:25)
    at D:\Workspace\petshop-backend\petshop-backend\backend\node_modules\sequelize\lib\sequelize.js:315:28
    at process.processTicksAndRejections (node:internal/process/task_queues:95:5)
    at async PostgresQueryInterface.insert (D:\Workspace\petshop-backend\petshop-backend\backend\node_modules\sequelize\lib\dialects\abstract\query-interface.js:308:21)
    at async model.save (D:\Workspace\petshop-backend\petshop-backend\backend\node_modules\sequelize\lib\model.js:2490:35)
    at async Appointment.create (D:\Workspace\petshop-backend\petshop-backend\backend\node_modules\sequelize\lib\model.js:1362:12)
    at async exports.createAppointment (D:\Workspace\petshop-backend\petshop-backend\backend\controllers\appointment.js:22:28);
2024-11-14T12:02:52.577Z [Pet Care Management System] info: Appointment updated successfully;
2024-11-14T12:03:23.106Z [Pet Care Management System] info: Appointments fetched successfully;
2024-11-14T12:03:49.014Z [Pet Care Management System] info: Appointment fetched successfully;
2024-11-19T09:31:31.435Z [Pet Care Management System] error: Error
    at Query.run (D:\Workspace\petshop-backend\petshop-backend\backend\node_modules\sequelize\lib\dialects\postgres\query.js:50:25)
    at D:\Workspace\petshop-backend\petshop-backend\backend\node_modules\sequelize\lib\sequelize.js:315:28
    at process.processTicksAndRejections (node:internal/process/task_queues:95:5)
    at async PostgresQueryInterface.insert (D:\Workspace\petshop-backend\petshop-backend\backend\node_modules\sequelize\lib\dialects\abstract\query-interface.js:308:21)
    at async model.save (D:\Workspace\petshop-backend\petshop-backend\backend\node_modules\sequelize\lib\model.js:2490:35)
    at async Transactiondetails.create (D:\Workspace\petshop-backend\petshop-backend\backend\node_modules\sequelize\lib\model.js:1362:12)
    at async exports.updateTransaction (D:\Workspace\petshop-backend\petshop-backend\backend\controllers\transaction.js:141:11);
2024-11-19T10:48:59.332Z [Pet Care Management System] info: Category created successfully.;
2024-11-19T10:49:06.109Z [Pet Care Management System] info: Product created successfully.;
2024-11-19T10:49:11.542Z [Pet Care Management System] info: Service created successfully.;
2024-11-19T10:49:25.391Z [Pet Care Management System] error: Error
    at Query.run (D:\Workspace\petshop-backend\petshop-backend\backend\node_modules\sequelize\lib\dialects\postgres\query.js:50:25)
    at D:\Workspace\petshop-backend\petshop-backend\backend\node_modules\sequelize\lib\sequelize.js:315:28
    at process.processTicksAndRejections (node:internal/process/task_queues:95:5)
    at async PostgresQueryInterface.insert (D:\Workspace\petshop-backend\petshop-backend\backend\node_modules\sequelize\lib\dialects\abstract\query-interface.js:308:21)
    at async model.save (D:\Workspace\petshop-backend\petshop-backend\backend\node_modules\sequelize\lib\model.js:2490:35)
    at async Appointment.create (D:\Workspace\petshop-backend\petshop-backend\backend\node_modules\sequelize\lib\model.js:1362:12)
    at async exports.createAppointment (D:\Workspace\petshop-backend\petshop-backend\backend\controllers\appointment.js:22:28);
2024-11-19T10:49:50.076Z [Pet Care Management System] error: ReferenceError: PaymentHistory is not defined
    at exports.addTransaction (D:\Workspace\petshop-backend\petshop-backend\backend\controllers\transaction.js:58:5)
    at process.processTicksAndRejections (node:internal/process/task_queues:95:5);
2024-11-19T10:54:01.989Z [Pet Care Management System] error: Error
    at Query.run (D:\Workspace\petshop-backend\petshop-backend\backend\node_modules\sequelize\lib\dialects\postgres\query.js:50:25)
    at D:\Workspace\petshop-backend\petshop-backend\backend\node_modules\sequelize\lib\sequelize.js:315:28
    at process.processTicksAndRejections (node:internal/process/task_queues:95:5)
    at async PostgresQueryInterface.insert (D:\Workspace\petshop-backend\petshop-backend\backend\node_modules\sequelize\lib\dialects\abstract\query-interface.js:308:21)
    at async model.save (D:\Workspace\petshop-backend\petshop-backend\backend\node_modules\sequelize\lib\model.js:2490:35)
    at async Paymenthistory.create (D:\Workspace\petshop-backend\petshop-backend\backend\node_modules\sequelize\lib\model.js:1362:12)
    at async exports.addTransaction (D:\Workspace\petshop-backend\petshop-backend\backend\controllers\transaction.js:59:5);
2024-11-19T10:55:26.435Z [Pet Care Management System] info: Category created successfully.;
2024-11-19T10:55:31.210Z [Pet Care Management System] info: Product created successfully.;
2024-11-19T10:55:44.019Z [Pet Care Management System] info: Service created successfully.;
2024-11-19T10:55:54.557Z [Pet Care Management System] error: Error
    at Query.run (D:\Workspace\petshop-backend\petshop-backend\backend\node_modules\sequelize\lib\dialects\postgres\query.js:50:25)
    at D:\Workspace\petshop-backend\petshop-backend\backend\node_modules\sequelize\lib\sequelize.js:315:28
    at process.processTicksAndRejections (node:internal/process/task_queues:95:5)
    at async PostgresQueryInterface.insert (D:\Workspace\petshop-backend\petshop-backend\backend\node_modules\sequelize\lib\dialects\abstract\query-interface.js:308:21)
    at async model.save (D:\Workspace\petshop-backend\petshop-backend\backend\node_modules\sequelize\lib\model.js:2490:35)
    at async Appointment.create (D:\Workspace\petshop-backend\petshop-backend\backend\node_modules\sequelize\lib\model.js:1362:12)
    at async exports.createAppointment (D:\Workspace\petshop-backend\petshop-backend\backend\controllers\appointment.js:22:28);
2024-11-19T11:36:56.556Z [Pet Care Management System] info: Payment histories fetched successfully;
2024-11-23T05:49:48.902Z [Pet Care Management System] info: User logged in successfully: ;
2024-11-23T05:53:46.100Z [Pet Care Management System] info: User logged in successfully: ;
2024-11-23T06:02:04.507Z [Pet Care Management System] info: User logged in successfully: ;
2024-11-23T06:04:28.213Z [Pet Care Management System] info: User logged in successfully: {"id":1,"username":"johndoe","email":"johndoe@example.com","firstName":"John","lastName":"Doe","contactNumber":null,"address":null,"role":"user","status":true,"createdAt":"2024-11-23T04:51:53.961Z","updatedAt":"2024-11-23T04:51:53.961Z"};
2024-11-23T06:20:45.117Z [Pet Care Management System] info: User logged in successfully: {"id":1,"username":"johndoe","email":"johndoe@example.com","firstName":"John","lastName":"Doe","contactNumber":null,"address":null,"role":"user","status":true,"createdAt":"2024-11-19T10:55:17.278Z","updatedAt":"2024-11-19T10:55:17.278Z"};
2024-11-23T06:21:55.336Z [Pet Care Management System] info: User logged in successfully: {"id":2,"username":"malithKumara","email":"malith@gmail.com","firstName":"malith","lastName":"Kumara","contactNumber":null,"address":null,"role":"user","status":true,"createdAt":"2024-11-23T05:53:12.334Z","updatedAt":"2024-11-23T05:53:12.334Z"};
2024-11-23T06:27:35.883Z [Pet Care Management System] info: User logged in successfully: {"id":2,"username":"malithKumara","email":"malith@gmail.com","firstName":"malith","lastName":"Kumara","contactNumber":null,"address":null,"role":"user","status":true,"createdAt":"2024-11-23T05:53:12.334Z","updatedAt":"2024-11-23T05:53:12.334Z"};
2024-11-23T08:28:43.837Z [Pet Care Management System] info: User created successfully!;
2024-11-23T10:32:41.698Z [Pet Care Management System] info: User logged in successfully: {"id":2,"username":"malithKumara","email":"malith@gmail.com","firstName":"malith","lastName":"Kumara","contactNumber":null,"address":null,"role":"user","status":true,"createdAt":"2024-11-23T05:53:12.334Z","updatedAt":"2024-11-23T05:53:12.334Z"};
2024-11-23T10:34:20.403Z [Pet Care Management System] info: User logged in successfully: {"id":2,"username":"malithKumara","email":"malith@gmail.com","firstName":"malith","lastName":"Kumara","contactNumber":null,"address":null,"role":"user","status":true,"createdAt":"2024-11-23T05:53:12.334Z","updatedAt":"2024-11-23T05:53:12.334Z"};
2024-11-23T10:34:33.190Z [Pet Care Management System] info: User updated succesfully:${user.username}(${user.email});
2024-11-23T10:49:27.666Z [Pet Care Management System] info: User logged in successfully: {"id":2,"username":"malithKumara","email":"malith@gmail.com","firstName":"malith","lastName":"Kumara","contactNumber":null,"address":null,"role":"user","status":true,"createdAt":"2024-11-23T06:25:16.750Z","updatedAt":"2024-11-23T06:25:16.750Z"};
2024-11-23T10:49:38.561Z [Pet Care Management System] info: User updated succesfully:${user.username}(${user.email});
2024-11-23T10:53:58.697Z [Pet Care Management System] info: User logged in successfully: {"id":2,"username":"malithKumara","email":"newemail@example.com","firstName":"malith","lastName":"Kumara","contactNumber":null,"address":null,"role":"user","status":true,"createdAt":"2024-11-23T06:25:16.750Z","updatedAt":"2024-11-23T10:49:38.544Z"};
2024-11-23T11:18:00.250Z [Pet Care Management System] info: User logged in successfully: {"id":2,"username":"malithKumara","email":"newemail@example.com","firstName":"malith","lastName":"Kumara","contactNumber":null,"address":null,"role":"user","status":true,"createdAt":"2024-11-23T06:25:16.750Z","updatedAt":"2024-11-23T10:49:38.544Z"};
2024-11-23T11:18:35.931Z [Pet Care Management System] info: User logged in successfully: {"id":2,"username":"malithKumara","email":"newemail@example.com","firstName":"malith","lastName":"Kumara","contactNumber":null,"address":null,"role":"user","status":true,"createdAt":"2024-11-23T06:25:16.750Z","updatedAt":"2024-11-23T10:49:38.544Z"};
2024-11-23T11:18:44.253Z [Pet Care Management System] info: User logged in successfully: {"id":2,"username":"malithKumara","email":"newemail@example.com","firstName":"malith","lastName":"Kumara","contactNumber":null,"address":null,"role":"user","status":true,"createdAt":"2024-11-23T06:25:16.750Z","updatedAt":"2024-11-23T10:49:38.544Z"};
2024-11-23T11:19:05.242Z [Pet Care Management System] info: User logged in successfully: {"id":2,"username":"malithKumara","email":"newemail@example.com","firstName":"malith","lastName":"Kumara","contactNumber":null,"address":null,"role":"user","status":true,"createdAt":"2024-11-23T06:25:16.750Z","updatedAt":"2024-11-23T10:49:38.544Z"};
2024-11-23T16:54:28.080Z [Pet Care Management System] info: User logged in successfully: {"id":2,"username":"malithKumara","email":"newemail@example.com","firstName":"malith","lastName":"Kumara","contactNumber":null,"address":null,"role":"user","status":true,"createdAt":"2024-11-23T06:25:16.750Z","updatedAt":"2024-11-23T10:49:38.544Z"};
2024-11-23T17:03:53.978Z [Pet Care Management System] info: User logged in successfully: {"id":2,"username":"malithKumara","email":"newemail@example.com","firstName":"malith","lastName":"Kumara","contactNumber":null,"address":null,"role":"user","status":true,"createdAt":"2024-11-23T06:25:16.750Z","updatedAt":"2024-11-23T10:49:38.544Z"};
2024-11-23T17:06:08.366Z [Pet Care Management System] info: User logged in successfully: {"id":2,"username":"malithKumara","email":"newemail@example.com","firstName":"malith","lastName":"Kumara","contactNumber":null,"address":null,"role":"user","status":true,"createdAt":"2024-11-23T06:25:16.750Z","updatedAt":"2024-11-23T10:49:38.544Z"};
2024-11-23T17:06:42.031Z [Pet Care Management System] info: User logged in successfully: {"id":2,"username":"malithKumara","email":"newemail@example.com","firstName":"malith","lastName":"Kumara","contactNumber":null,"address":null,"role":"user","status":true,"createdAt":"2024-11-23T06:25:16.750Z","updatedAt":"2024-11-23T10:49:38.544Z"};
2024-11-23T17:06:48.513Z [Pet Care Management System] info: User logged in successfully: {"id":2,"username":"malithKumara","email":"newemail@example.com","firstName":"malith","lastName":"Kumara","contactNumber":null,"address":null,"role":"user","status":true,"createdAt":"2024-11-23T06:25:16.750Z","updatedAt":"2024-11-23T10:49:38.544Z"};
2024-11-23T17:08:35.414Z [Pet Care Management System] info: User logged in successfully: {"id":2,"username":"malithKumara","email":"newemail@example.com","firstName":"malith","lastName":"Kumara","contactNumber":null,"address":null,"role":"user","status":true,"createdAt":"2024-11-23T06:25:16.750Z","updatedAt":"2024-11-23T10:49:38.544Z"};
2024-11-23T17:08:42.153Z [Pet Care Management System] info: User logged in successfully: {"id":2,"username":"malithKumara","email":"newemail@example.com","firstName":"malith","lastName":"Kumara","contactNumber":null,"address":null,"role":"user","status":true,"createdAt":"2024-11-23T06:25:16.750Z","updatedAt":"2024-11-23T10:49:38.544Z"};
2024-11-23T17:20:58.182Z [Pet Care Management System] info: User logged in successfully: {"id":2,"username":"malithKumara","email":"newemail@example.com","firstName":"malith","lastName":"Kumara","contactNumber":null,"address":null,"role":"user","status":true,"createdAt":"2024-11-23T06:25:16.750Z","updatedAt":"2024-11-23T10:49:38.544Z"};
2024-11-23T17:29:38.900Z [Pet Care Management System] info: User logged in successfully: {"id":2,"username":"malithKumara","email":"newemail@example.com","firstName":"malith","lastName":"Kumara","contactNumber":null,"address":null,"role":"user","status":true,"createdAt":"2024-11-23T06:25:16.750Z","updatedAt":"2024-11-23T10:49:38.544Z"};
2024-11-28T16:26:25.439Z [Pet Care Management System] info: User logged in successfully: {"id":2,"username":"malithKumara","email":"newemail@example.com","firstName":"malith","lastName":"Kumara","contactNumber":null,"address":null,"role":"user","status":true,"createdAt":"2024-11-23T06:25:16.750Z","updatedAt":"2024-11-23T10:49:38.544Z"};
2024-11-28T16:28:18.181Z [Pet Care Management System] info: User logged in successfully: {"id":2,"username":"malithKumara","email":"newemail@example.com","firstName":"malith","lastName":"Kumara","contactNumber":null,"address":null,"role":"user","status":true,"createdAt":"2024-11-23T06:25:16.750Z","updatedAt":"2024-11-23T10:49:38.544Z"};
2024-11-28T16:30:56.397Z [Pet Care Management System] info: User logged in successfully: {"id":2,"username":"malithKumara","email":"newemail@example.com","firstName":"malith","lastName":"Kumara","contactNumber":null,"address":null,"role":"user","status":true,"createdAt":"2024-11-23T06:25:16.750Z","updatedAt":"2024-11-23T10:49:38.544Z"};
2024-11-28T16:35:13.907Z [Pet Care Management System] info: User logged in successfully: {"id":2,"username":"malithKumara","email":"newemail@example.com","firstName":"malith","lastName":"Kumara","contactNumber":null,"address":null,"role":"user","status":true,"createdAt":"2024-11-23T06:25:16.750Z","updatedAt":"2024-11-23T10:49:38.544Z"};
2024-11-28T16:43:11.504Z [Pet Care Management System] info: User logged in successfully: {"id":2,"username":"malithKumara","email":"newemail@example.com","firstName":"malith","lastName":"Kumara","contactNumber":null,"address":null,"role":"user","status":true,"createdAt":"2024-11-23T06:25:16.750Z","updatedAt":"2024-11-23T10:49:38.544Z"};
2024-11-28T16:52:35.305Z [Pet Care Management System] info: User logged in successfully: {"id":2,"username":"malithKumara","email":"newemail@example.com","firstName":"malith","lastName":"Kumara","contactNumber":null,"address":null,"role":"user","status":true,"createdAt":"2024-11-23T06:25:16.750Z","updatedAt":"2024-11-23T10:49:38.544Z"};
2024-11-30T05:51:06.793Z [Pet Care Management System] info: User logged in successfully: {"id":2,"username":"malithKumara","email":"newemail@example.com","firstName":"malith","lastName":"Kumara","contactNumber":null,"address":null,"role":"user","status":true,"createdAt":"2024-11-23T06:25:16.750Z","updatedAt":"2024-11-23T10:49:38.544Z"};
2024-11-30T06:02:31.614Z [Pet Care Management System] info: User logged in successfully: {"id":2,"username":"malithKumara","email":"newemail@example.com","firstName":"malith","lastName":"Kumara","contactNumber":null,"address":null,"role":"user","status":true,"createdAt":"2024-11-23T06:25:16.750Z","updatedAt":"2024-11-23T10:49:38.544Z"};
2024-11-30T06:10:13.988Z [Pet Care Management System] info: User logged in successfully: {"id":2,"username":"malithKumara","email":"newemail@example.com","firstName":"malith","lastName":"Kumara","contactNumber":null,"address":null,"role":"user","status":true,"createdAt":"2024-11-23T06:25:16.750Z","updatedAt":"2024-11-23T10:49:38.544Z"};
2024-11-30T06:18:45.954Z [Pet Care Management System] info: User logged in successfully: {"id":2,"username":"malithKumara","email":"newemail@example.com","firstName":"malith","lastName":"Kumara","contactNumber":null,"address":null,"role":"user","status":true,"createdAt":"2024-11-23T06:25:16.750Z","updatedAt":"2024-11-23T10:49:38.544Z"};
2024-11-30T06:18:59.915Z [Pet Care Management System] info: User updated succesfully:${user.username}(${user.email});
2024-11-30T06:20:02.059Z [Pet Care Management System] info: User logged in successfully: {"id":2,"username":"malithKumara","email":"malith@gmail.com","firstName":"malith","lastName":"Kumara","contactNumber":null,"address":null,"role":"user","status":true,"createdAt":"2024-11-23T06:25:16.750Z","updatedAt":"2024-11-30T06:18:59.886Z"};
2024-11-30T06:25:49.180Z [Pet Care Management System] info: User logged in successfully: {"id":2,"username":"malithKumara","email":"malith@gmail.com","firstName":"malith","lastName":"Kumara","contactNumber":null,"address":null,"role":"user","status":true,"createdAt":"2024-11-23T06:25:16.750Z","updatedAt":"2024-11-30T06:18:59.886Z"};
2024-11-30T06:32:26.945Z [Pet Care Management System] info: User logged in successfully: {"id":2,"username":"malithKumara","email":"malith@gmail.com","firstName":"malith","lastName":"Kumara","contactNumber":null,"address":null,"role":"user","status":true,"createdAt":"2024-11-23T06:25:16.750Z","updatedAt":"2024-11-30T06:18:59.886Z"};
2024-11-30T06:33:17.675Z [Pet Care Management System] info: User updated succesfully:${user.username}(${user.email});
2024-11-30T06:35:44.113Z [Pet Care Management System] info: User updated succesfully:${user.username}(${user.email});
2024-11-30T06:40:04.903Z [Pet Care Management System] info: User logged in successfully: {"id":2,"username":"malith1","email":"malith1@gmail.com","firstName":"Malith","lastName":"Kumaranayake","contactNumber":"0711111111","address":"Somewhere","role":"user","status":true,"createdAt":"2024-11-23T06:25:16.750Z","updatedAt":"2024-11-30T06:35:44.106Z"};
2024-11-30T06:40:47.769Z [Pet Care Management System] info: User updated succesfully:${user.username}(${user.email});
2024-11-30T09:31:15.640Z [Pet Care Management System] info: User logged in successfully: {"id":2,"username":"malithKumara","email":"newemail@example.com","firstName":"malith","lastName":"kumara","contactNumber":"0776543789","address":"Home","role":"user","status":true,"createdAt":"2024-11-23T05:53:12.334Z","updatedAt":"2024-11-23T11:35:05.187Z"};
2024-11-30T09:34:13.508Z [Pet Care Management System] info: User logged in successfully: {"id":2,"username":"malithKumara","email":"newemail@example.com","firstName":"malith","lastName":"kumara","contactNumber":"0776543789","address":"Home","role":"user","status":true,"createdAt":"2024-11-23T05:53:12.334Z","updatedAt":"2024-11-23T11:35:05.187Z"};
2024-11-30T09:35:12.472Z [Pet Care Management System] info: User created successfully!;
2024-11-30T09:45:55.059Z [Pet Care Management System] info: User created successfully!;
2024-11-30T09:46:38.331Z [Pet Care Management System] info: User updated succesfully:${user.username}(${user.email});
2024-12-03T14:14:48.393Z [Pet Care Management System] info: User logged in successfully: {"id":2,"username":"malithKumara","email":"newemail@example.com","firstName":"malith","lastName":"kumara","contactNumber":"0776543789","address":"Home","role":"user","status":true,"createdAt":"2024-11-23T05:53:12.334Z","updatedAt":"2024-11-23T11:35:05.187Z"};
2024-12-03T14:14:48.883Z [Pet Care Management System] info: User logged in successfully: {"id":2,"username":"malithKumara","email":"newemail@example.com","firstName":"malith","lastName":"kumara","contactNumber":"0776543789","address":"Home","role":"user","status":true,"createdAt":"2024-11-23T05:53:12.334Z","updatedAt":"2024-11-23T11:35:05.187Z"};
2024-12-03T14:48:54.145Z [Pet Care Management System] info: User created successfully!;
2024-12-03T14:49:44.399Z [Pet Care Management System] info: User updated succesfully:${user.username}(${user.email});
2024-12-03T15:06:18.255Z [Pet Care Management System] info: User logged in successfully: {"id":2,"username":"malithKumara","email":"newemail@example.com","firstName":"malith","lastName":"kumara","contactNumber":"0776543789","address":"Home","role":"user","status":true,"createdAt":"2024-11-23T05:53:12.334Z","updatedAt":"2024-11-23T11:35:05.187Z"};
2024-12-03T15:08:58.718Z [Pet Care Management System] info: User created successfully!;
2024-12-03T15:09:18.562Z [Pet Care Management System] info: User logged in successfully: {"id":8,"username":"admin","email":"admin@gmail.com","firstName":"","lastName":"","contactNumber":null,"address":null,"role":"admin","status":true,"createdAt":"2024-12-03T15:08:58.655Z","updatedAt":"2024-12-03T15:08:58.655Z"};
2024-12-03T15:09:59.945Z [Pet Care Management System] error: Error
    at Query.run (D:\petshop-1\petshop\backend\node_modules\sequelize\lib\dialects\postgres\query.js:50:25)
    at D:\petshop-1\petshop\backend\node_modules\sequelize\lib\sequelize.js:315:28
    at process.processTicksAndRejections (node:internal/process/task_queues:95:5)
    at async PostgresQueryInterface.select (D:\petshop-1\petshop\backend\node_modules\sequelize\lib\dialects\abstract\query-interface.js:407:12)
    at async Category.findAll (D:\petshop-1\petshop\backend\node_modules\sequelize\lib\model.js:1140:21)
    at async Category.findOne (D:\petshop-1\petshop\backend\node_modules\sequelize\lib\model.js:1240:12)
    at async exports.createCategory (D:\petshop-1\petshop\backend\controllers\category.js:9:30);
2024-12-03T15:11:25.270Z [Pet Care Management System] info: Categories fetched successfully;
2024-12-03T15:11:37.153Z [Pet Care Management System] error: Error
    at Query.run (D:\petshop-1\petshop\backend\node_modules\sequelize\lib\dialects\postgres\query.js:50:25)
    at D:\petshop-1\petshop\backend\node_modules\sequelize\lib\sequelize.js:315:28
    at process.processTicksAndRejections (node:internal/process/task_queues:95:5)
    at async PostgresQueryInterface.select (D:\petshop-1\petshop\backend\node_modules\sequelize\lib\dialects\abstract\query-interface.js:407:12)
    at async Category.findAll (D:\petshop-1\petshop\backend\node_modules\sequelize\lib\model.js:1140:21)
    at async Category.findOne (D:\petshop-1\petshop\backend\node_modules\sequelize\lib\model.js:1240:12)
    at async exports.createCategory (D:\petshop-1\petshop\backend\controllers\category.js:9:30);
2024-12-03T15:12:37.513Z [Pet Care Management System] error: Error
    at Query.run (D:\petshop-1\petshop\backend\node_modules\sequelize\lib\dialects\postgres\query.js:50:25)
    at D:\petshop-1\petshop\backend\node_modules\sequelize\lib\sequelize.js:315:28
    at process.processTicksAndRejections (node:internal/process/task_queues:95:5)
    at async PostgresQueryInterface.select (D:\petshop-1\petshop\backend\node_modules\sequelize\lib\dialects\abstract\query-interface.js:407:12)
    at async Category.findAll (D:\petshop-1\petshop\backend\node_modules\sequelize\lib\model.js:1140:21)
    at async Category.findOne (D:\petshop-1\petshop\backend\node_modules\sequelize\lib\model.js:1240:12)
    at async exports.createCategory (D:\petshop-1\petshop\backend\controllers\category.js:9:30);
2024-12-03T15:13:04.320Z [Pet Care Management System] error: Error
    at Query.run (D:\petshop-1\petshop\backend\node_modules\sequelize\lib\dialects\postgres\query.js:50:25)
    at D:\petshop-1\petshop\backend\node_modules\sequelize\lib\sequelize.js:315:28
    at process.processTicksAndRejections (node:internal/process/task_queues:95:5)
    at async PostgresQueryInterface.select (D:\petshop-1\petshop\backend\node_modules\sequelize\lib\dialects\abstract\query-interface.js:407:12)
    at async Category.findAll (D:\petshop-1\petshop\backend\node_modules\sequelize\lib\model.js:1140:21)
    at async Category.findOne (D:\petshop-1\petshop\backend\node_modules\sequelize\lib\model.js:1240:12)
    at async exports.createCategory (D:\petshop-1\petshop\backend\controllers\category.js:9:30);
2024-12-03T15:13:27.581Z [Pet Care Management System] info: Category created successfully.;
2024-12-03T15:21:54.441Z [Pet Care Management System] info: Product updated successfully;
2024-12-03T15:23:10.783Z [Pet Care Management System] error: SequelizeQueryError: The argument passed to findAll must be an options object, use findByPk if you wish to pass a single primary key value
    at Product.findAll (D:\petshop-1\petshop\backend\node_modules\sequelize\lib\model.js:1092:13)
    at exports.getProductByCategoryid (D:\petshop-1\petshop\backend\controllers\product.js:139:35)
    at Layer.handle [as handle_request] (D:\petshop-1\petshop\backend\node_modules\express\lib\router\layer.js:95:5)
    at next (D:\petshop-1\petshop\backend\node_modules\express\lib\router\route.js:149:13)
    at exports.verifyToken (D:\petshop-1\petshop\backend\middlewares\authRole.js:21:5)
    at Layer.handle [as handle_request] (D:\petshop-1\petshop\backend\node_modules\express\lib\router\layer.js:95:5)
    at next (D:\petshop-1\petshop\backend\node_modules\express\lib\router\route.js:149:13)
    at Route.dispatch (D:\petshop-1\petshop\backend\node_modules\express\lib\router\route.js:119:3)
    at Layer.handle [as handle_request] (D:\petshop-1\petshop\backend\node_modules\express\lib\router\layer.js:95:5)
    at D:\petshop-1\petshop\backend\node_modules\express\lib\router\index.js:284:15;
2024-12-03T15:27:58.648Z [Pet Care Management System] info: Product fetched successfully;
2024-12-03T15:28:33.349Z [Pet Care Management System] info: Product updated successfully;
2024-12-03T15:33:05.697Z [Pet Care Management System] info: Product fetched successfully;
2024-12-03T15:36:19.499Z [Pet Care Management System] info: Product updated successfully;
2024-12-03T15:36:34.448Z [Pet Care Management System] info: Product fetched successfully;
2024-12-03T15:38:59.089Z [Pet Care Management System] info: Category created successfully.;
2024-12-03T15:43:23.837Z [Pet Care Management System] error: Error: WHERE parameter "categoryId" has invalid "undefined" value
    at PostgresQueryGenerator.whereItemQuery (D:\petshop-1\petshop\backend\node_modules\sequelize\lib\dialects\abstract\query-generator.js:1746:13)
    at D:\petshop-1\petshop\backend\node_modules\sequelize\lib\dialects\abstract\query-generator.js:1737:25
    at Array.forEach (<anonymous>)
    at PostgresQueryGenerator.whereItemsQuery (D:\petshop-1\petshop\backend\node_modules\sequelize\lib\dialects\abstract\query-generator.js:1735:35)
    at PostgresQueryGenerator.getWhereConditions (D:\petshop-1\petshop\backend\node_modules\sequelize\lib\dialects\abstract\query-generator.js:2078:19)
    at PostgresQueryGenerator.selectQuery (D:\petshop-1\petshop\backend\node_modules\sequelize\lib\dialects\abstract\query-generator.js:991:28)
    at PostgresQueryInterface.select (D:\petshop-1\petshop\backend\node_modules\sequelize\lib\dialects\abstract\query-interface.js:407:59)
    at Product.findAll (D:\petshop-1\petshop\backend\node_modules\sequelize\lib\model.js:1140:47)
    at process.processTicksAndRejections (node:internal/process/task_queues:95:5)
    at async Product.findOne (D:\petshop-1\petshop\backend\node_modules\sequelize\lib\model.js:1240:12);
2024-12-03T15:46:43.210Z [Pet Care Management System] error: Error: WHERE parameter "categoryId" has invalid "undefined" value
    at PostgresQueryGenerator.whereItemQuery (D:\petshop-1\petshop\backend\node_modules\sequelize\lib\dialects\abstract\query-generator.js:1746:13)
    at D:\petshop-1\petshop\backend\node_modules\sequelize\lib\dialects\abstract\query-generator.js:1737:25
    at Array.forEach (<anonymous>)
    at PostgresQueryGenerator.whereItemsQuery (D:\petshop-1\petshop\backend\node_modules\sequelize\lib\dialects\abstract\query-generator.js:1735:35)
    at PostgresQueryGenerator.getWhereConditions (D:\petshop-1\petshop\backend\node_modules\sequelize\lib\dialects\abstract\query-generator.js:2078:19)
    at PostgresQueryGenerator.selectQuery (D:\petshop-1\petshop\backend\node_modules\sequelize\lib\dialects\abstract\query-generator.js:991:28)
    at PostgresQueryInterface.select (D:\petshop-1\petshop\backend\node_modules\sequelize\lib\dialects\abstract\query-interface.js:407:59)
    at Product.findAll (D:\petshop-1\petshop\backend\node_modules\sequelize\lib\model.js:1140:47)
    at process.processTicksAndRejections (node:internal/process/task_queues:95:5)
    at async Product.findOne (D:\petshop-1\petshop\backend\node_modules\sequelize\lib\model.js:1240:12);
2024-12-03T15:47:27.337Z [Pet Care Management System] error: Error: WHERE parameter "categoryId" has invalid "undefined" value
    at PostgresQueryGenerator.whereItemQuery (D:\petshop-1\petshop\backend\node_modules\sequelize\lib\dialects\abstract\query-generator.js:1746:13)
    at D:\petshop-1\petshop\backend\node_modules\sequelize\lib\dialects\abstract\query-generator.js:1737:25
    at Array.forEach (<anonymous>)
    at PostgresQueryGenerator.whereItemsQuery (D:\petshop-1\petshop\backend\node_modules\sequelize\lib\dialects\abstract\query-generator.js:1735:35)
    at PostgresQueryGenerator.getWhereConditions (D:\petshop-1\petshop\backend\node_modules\sequelize\lib\dialects\abstract\query-generator.js:2078:19)
    at PostgresQueryGenerator.selectQuery (D:\petshop-1\petshop\backend\node_modules\sequelize\lib\dialects\abstract\query-generator.js:991:28)
    at PostgresQueryInterface.select (D:\petshop-1\petshop\backend\node_modules\sequelize\lib\dialects\abstract\query-interface.js:407:59)
    at Product.findAll (D:\petshop-1\petshop\backend\node_modules\sequelize\lib\model.js:1140:47)
    at process.processTicksAndRejections (node:internal/process/task_queues:95:5)
    at async Product.findOne (D:\petshop-1\petshop\backend\node_modules\sequelize\lib\model.js:1240:12);
2024-12-03T15:48:56.552Z [Pet Care Management System] info: Product created successfully.;
2024-12-03T16:00:05.645Z [Pet Care Management System] info: Product created successfully.;
2024-12-09T15:57:35.226Z [Pet Care Management System] info: User logged in successfully: {"id":8,"username":"admin","email":"admin@gmail.com","firstName":"","lastName":"","contactNumber":null,"address":null,"role":"admin","status":true,"createdAt":"2024-12-03T15:08:58.655Z","updatedAt":"2024-12-03T15:08:58.655Z"};
2024-12-09T15:57:43.450Z [Pet Care Management System] error: Error
    at Query.run (D:\petshop-1\petshop\backend\node_modules\sequelize\lib\dialects\postgres\query.js:50:25)
    at D:\petshop-1\petshop\backend\node_modules\sequelize\lib\sequelize.js:315:28
    at process.processTicksAndRejections (node:internal/process/task_queues:95:5)
    at async PostgresQueryInterface.insert (D:\petshop-1\petshop\backend\node_modules\sequelize\lib\dialects\abstract\query-interface.js:308:21)
    at async model.save (D:\petshop-1\petshop\backend\node_modules\sequelize\lib\model.js:2490:35)
    at async Appointment.create (D:\petshop-1\petshop\backend\node_modules\sequelize\lib\model.js:1362:12)
    at async exports.createAppointment (D:\petshop-1\petshop\backend\controllers\appointment.js:22:28);
2024-12-09T15:59:56.136Z [Pet Care Management System] info: Appointment created successfully.;
2024-12-09T16:03:08.196Z [Pet Care Management System] info: Service deleted successfully;
2024-12-09T16:04:46.481Z [Pet Care Management System] info: Service created successfully.;
2024-12-09T16:04:59.306Z [Pet Care Management System] info: Appointment created successfully.;
2024-12-12T15:12:26.675Z [Pet Care Management System] info: User logged in successfully: {"id":8,"username":"admin","email":"admin@gmail.com","firstName":"","lastName":"","contactNumber":null,"address":null,"role":"admin","status":true,"createdAt":"2024-12-03T15:08:58.655Z","updatedAt":"2024-12-03T15:08:58.655Z"};
2024-12-12T15:54:53.196Z [Pet Care Management System] info: Products fetched successfully;
2024-12-12T16:32:56.742Z [Pet Care Management System] info: User logged in successfully: {"id":8,"username":"admin","email":"admin@gmail.com","firstName":"","lastName":"","contactNumber":null,"address":null,"role":"admin","status":true,"createdAt":"2024-12-03T15:08:58.655Z","updatedAt":"2024-12-03T15:08:58.655Z"};
