2024-11-14T10:35:58.709Z [Pet Care Management System] error: ReferenceError: Cannot access 'category' before initialization
    at exports.updateCategory (D:\Workspace\petshop-backend\petshop-backend\backend\controllers\category.js:33:22)
    at Layer.handle [as handle_request] (D:\Workspace\petshop-backend\petshop-backend\backend\node_modules\express\lib\router\layer.js:95:5)
    at next (D:\Workspace\petshop-backend\petshop-backend\backend\node_modules\express\lib\router\route.js:149:13)
    at Route.dispatch (D:\Workspace\petshop-backend\petshop-backend\backend\node_modules\express\lib\router\route.js:119:3)
    at Layer.handle [as handle_request] (D:\Workspace\petshop-backend\petshop-backend\backend\node_modules\express\lib\router\layer.js:95:5)
    at D:\Workspace\petshop-backend\petshop-backend\backend\node_modules\express\lib\router\index.js:284:15
    at param (D:\Workspace\petshop-backend\petshop-backend\backend\node_modules\express\lib\router\index.js:365:14)
    at param (D:\Workspace\petshop-backend\petshop-backend\backend\node_modules\express\lib\router\index.js:376:14)
    at Function.process_params (D:\Workspace\petshop-backend\petshop-backend\backend\node_modules\express\lib\router\index.js:421:3)
    at next (D:\Workspace\petshop-backend\petshop-backend\backend\node_modules\express\lib\router\index.js:280:10);
2024-11-14T10:36:10.898Z [Pet Care Management System] error: ReferenceError: Cannot access 'category' before initialization
    at exports.updateCategory (D:\Workspace\petshop-backend\petshop-backend\backend\controllers\category.js:33:22)
    at Layer.handle [as handle_request] (D:\Workspace\petshop-backend\petshop-backend\backend\node_modules\express\lib\router\layer.js:95:5)
    at next (D:\Workspace\petshop-backend\petshop-backend\backend\node_modules\express\lib\router\route.js:149:13)
    at Route.dispatch (D:\Workspace\petshop-backend\petshop-backend\backend\node_modules\express\lib\router\route.js:119:3)
    at Layer.handle [as handle_request] (D:\Workspace\petshop-backend\petshop-backend\backend\node_modules\express\lib\router\layer.js:95:5)
    at D:\Workspace\petshop-backend\petshop-backend\backend\node_modules\express\lib\router\index.js:284:15
    at param (D:\Workspace\petshop-backend\petshop-backend\backend\node_modules\express\lib\router\index.js:365:14)
    at param (D:\Workspace\petshop-backend\petshop-backend\backend\node_modules\express\lib\router\index.js:376:14)
    at Function.process_params (D:\Workspace\petshop-backend\petshop-backend\backend\node_modules\express\lib\router\index.js:421:3)
    at next (D:\Workspace\petshop-backend\petshop-backend\backend\node_modules\express\lib\router\index.js:280:10);
2024-11-14T10:38:38.867Z [Pet Care Management System] error: ReferenceError: Cannot access 'category' before initialization
    at exports.updateCategory (D:\Workspace\petshop-backend\petshop-backend\backend\controllers\category.js:33:22)
    at Layer.handle [as handle_request] (D:\Workspace\petshop-backend\petshop-backend\backend\node_modules\express\lib\router\layer.js:95:5)
    at next (D:\Workspace\petshop-backend\petshop-backend\backend\node_modules\express\lib\router\route.js:149:13)
    at Route.dispatch (D:\Workspace\petshop-backend\petshop-backend\backend\node_modules\express\lib\router\route.js:119:3)
    at Layer.handle [as handle_request] (D:\Workspace\petshop-backend\petshop-backend\backend\node_modules\express\lib\router\layer.js:95:5)
    at D:\Workspace\petshop-backend\petshop-backend\backend\node_modules\express\lib\router\index.js:284:15
    at param (D:\Workspace\petshop-backend\petshop-backend\backend\node_modules\express\lib\router\index.js:365:14)
    at param (D:\Workspace\petshop-backend\petshop-backend\backend\node_modules\express\lib\router\index.js:376:14)
    at Function.process_params (D:\Workspace\petshop-backend\petshop-backend\backend\node_modules\express\lib\router\index.js:421:3)
    at next (D:\Workspace\petshop-backend\petshop-backend\backend\node_modules\express\lib\router\index.js:280:10);
2024-11-14T10:44:50.804Z [Pet Care Management System] error: ReferenceError: Cannot access 'category' before initialization
    at exports.updateCategory (D:\Workspace\petshop-backend\petshop-backend\backend\controllers\category.js:33:22)
    at Layer.handle [as handle_request] (D:\Workspace\petshop-backend\petshop-backend\backend\node_modules\express\lib\router\layer.js:95:5)
    at next (D:\Workspace\petshop-backend\petshop-backend\backend\node_modules\express\lib\router\route.js:149:13)
    at Route.dispatch (D:\Workspace\petshop-backend\petshop-backend\backend\node_modules\express\lib\router\route.js:119:3)
    at Layer.handle [as handle_request] (D:\Workspace\petshop-backend\petshop-backend\backend\node_modules\express\lib\router\layer.js:95:5)
    at D:\Workspace\petshop-backend\petshop-backend\backend\node_modules\express\lib\router\index.js:284:15
    at param (D:\Workspace\petshop-backend\petshop-backend\backend\node_modules\express\lib\router\index.js:365:14)
    at param (D:\Workspace\petshop-backend\petshop-backend\backend\node_modules\express\lib\router\index.js:376:14)
    at Function.process_params (D:\Workspace\petshop-backend\petshop-backend\backend\node_modules\express\lib\router\index.js:421:3)
    at next (D:\Workspace\petshop-backend\petshop-backend\backend\node_modules\express\lib\router\index.js:280:10);
2024-11-14T10:47:13.194Z [Pet Care Management System] error: ReferenceError: Cannot access 'category' before initialization
    at exports.updateCategory (D:\Workspace\petshop-backend\petshop-backend\backend\controllers\category.js:33:22)
    at Layer.handle [as handle_request] (D:\Workspace\petshop-backend\petshop-backend\backend\node_modules\express\lib\router\layer.js:95:5)
    at next (D:\Workspace\petshop-backend\petshop-backend\backend\node_modules\express\lib\router\route.js:149:13)
    at Route.dispatch (D:\Workspace\petshop-backend\petshop-backend\backend\node_modules\express\lib\router\route.js:119:3)
    at Layer.handle [as handle_request] (D:\Workspace\petshop-backend\petshop-backend\backend\node_modules\express\lib\router\layer.js:95:5)
    at D:\Workspace\petshop-backend\petshop-backend\backend\node_modules\express\lib\router\index.js:284:15
    at param (D:\Workspace\petshop-backend\petshop-backend\backend\node_modules\express\lib\router\index.js:365:14)
    at param (D:\Workspace\petshop-backend\petshop-backend\backend\node_modules\express\lib\router\index.js:376:14)
    at Function.process_params (D:\Workspace\petshop-backend\petshop-backend\backend\node_modules\express\lib\router\index.js:421:3)
    at next (D:\Workspace\petshop-backend\petshop-backend\backend\node_modules\express\lib\router\index.js:280:10);
2024-11-14T10:48:25.768Z [Pet Care Management System] error: ReferenceError: Cannot access 'category' before initialization
    at exports.updateCategory (D:\Workspace\petshop-backend\petshop-backend\backend\controllers\category.js:33:22)
    at Layer.handle [as handle_request] (D:\Workspace\petshop-backend\petshop-backend\backend\node_modules\express\lib\router\layer.js:95:5)
    at next (D:\Workspace\petshop-backend\petshop-backend\backend\node_modules\express\lib\router\route.js:149:13)
    at Route.dispatch (D:\Workspace\petshop-backend\petshop-backend\backend\node_modules\express\lib\router\route.js:119:3)
    at Layer.handle [as handle_request] (D:\Workspace\petshop-backend\petshop-backend\backend\node_modules\express\lib\router\layer.js:95:5)
    at D:\Workspace\petshop-backend\petshop-backend\backend\node_modules\express\lib\router\index.js:284:15
    at param (D:\Workspace\petshop-backend\petshop-backend\backend\node_modules\express\lib\router\index.js:365:14)
    at param (D:\Workspace\petshop-backend\petshop-backend\backend\node_modules\express\lib\router\index.js:376:14)
    at Function.process_params (D:\Workspace\petshop-backend\petshop-backend\backend\node_modules\express\lib\router\index.js:421:3)
    at next (D:\Workspace\petshop-backend\petshop-backend\backend\node_modules\express\lib\router\index.js:280:10);
2024-11-14T10:49:36.286Z [Pet Care Management System] error: ReferenceError: Cannot access 'category' before initialization
    at exports.updateCategory (D:\Workspace\petshop-backend\petshop-backend\backend\controllers\category.js:33:22)
    at Layer.handle [as handle_request] (D:\Workspace\petshop-backend\petshop-backend\backend\node_modules\express\lib\router\layer.js:95:5)
    at next (D:\Workspace\petshop-backend\petshop-backend\backend\node_modules\express\lib\router\route.js:149:13)
    at Route.dispatch (D:\Workspace\petshop-backend\petshop-backend\backend\node_modules\express\lib\router\route.js:119:3)
    at Layer.handle [as handle_request] (D:\Workspace\petshop-backend\petshop-backend\backend\node_modules\express\lib\router\layer.js:95:5)
    at D:\Workspace\petshop-backend\petshop-backend\backend\node_modules\express\lib\router\index.js:284:15
    at param (D:\Workspace\petshop-backend\petshop-backend\backend\node_modules\express\lib\router\index.js:365:14)
    at param (D:\Workspace\petshop-backend\petshop-backend\backend\node_modules\express\lib\router\index.js:376:14)
    at Function.process_params (D:\Workspace\petshop-backend\petshop-backend\backend\node_modules\express\lib\router\index.js:421:3)
    at next (D:\Workspace\petshop-backend\petshop-backend\backend\node_modules\express\lib\router\index.js:280:10);
2024-11-14T11:27:39.818Z [Pet Care Management System] error: ReferenceError: Cannot access 'product' before initialization
    at exports.updateProduct (D:\Workspace\petshop-backend\petshop-backend\backend\controllers\product.js:62:21)
    at Layer.handle [as handle_request] (D:\Workspace\petshop-backend\petshop-backend\backend\node_modules\express\lib\router\layer.js:95:5)
    at next (D:\Workspace\petshop-backend\petshop-backend\backend\node_modules\express\lib\router\route.js:149:13)
    at Route.dispatch (D:\Workspace\petshop-backend\petshop-backend\backend\node_modules\express\lib\router\route.js:119:3)
    at Layer.handle [as handle_request] (D:\Workspace\petshop-backend\petshop-backend\backend\node_modules\express\lib\router\layer.js:95:5)
    at D:\Workspace\petshop-backend\petshop-backend\backend\node_modules\express\lib\router\index.js:284:15
    at param (D:\Workspace\petshop-backend\petshop-backend\backend\node_modules\express\lib\router\index.js:365:14)
    at param (D:\Workspace\petshop-backend\petshop-backend\backend\node_modules\express\lib\router\index.js:376:14)
    at Function.process_params (D:\Workspace\petshop-backend\petshop-backend\backend\node_modules\express\lib\router\index.js:421:3)
    at next (D:\Workspace\petshop-backend\petshop-backend\backend\node_modules\express\lib\router\index.js:280:10);
2024-11-14T11:56:19.230Z [Pet Care Management System] error: ReferenceError: userId is not defined
    at exports.createAppointment (D:\Workspace\petshop-backend\petshop-backend\backend\controllers\appointment.js:11:9)
    at Layer.handle [as handle_request] (D:\Workspace\petshop-backend\petshop-backend\backend\node_modules\express\lib\router\layer.js:95:5)
    at next (D:\Workspace\petshop-backend\petshop-backend\backend\node_modules\express\lib\router\route.js:149:13)
    at Route.dispatch (D:\Workspace\petshop-backend\petshop-backend\backend\node_modules\express\lib\router\route.js:119:3)
    at Layer.handle [as handle_request] (D:\Workspace\petshop-backend\petshop-backend\backend\node_modules\express\lib\router\layer.js:95:5)
    at D:\Workspace\petshop-backend\petshop-backend\backend\node_modules\express\lib\router\index.js:284:15
    at Function.process_params (D:\Workspace\petshop-backend\petshop-backend\backend\node_modules\express\lib\router\index.js:346:12)
    at next (D:\Workspace\petshop-backend\petshop-backend\backend\node_modules\express\lib\router\index.js:280:10)
    at Function.handle (D:\Workspace\petshop-backend\petshop-backend\backend\node_modules\express\lib\router\index.js:175:3)
    at router (D:\Workspace\petshop-backend\petshop-backend\backend\node_modules\express\lib\router\index.js:47:12);
2024-11-14T11:59:39.434Z [Pet Care Management System] error: Error
    at Query.run (D:\Workspace\petshop-backend\petshop-backend\backend\node_modules\sequelize\lib\dialects\postgres\query.js:50:25)
    at D:\Workspace\petshop-backend\petshop-backend\backend\node_modules\sequelize\lib\sequelize.js:315:28
    at process.processTicksAndRejections (node:internal/process/task_queues:95:5)
    at async PostgresQueryInterface.insert (D:\Workspace\petshop-backend\petshop-backend\backend\node_modules\sequelize\lib\dialects\abstract\query-interface.js:308:21)
    at async model.save (D:\Workspace\petshop-backend\petshop-backend\backend\node_modules\sequelize\lib\model.js:2490:35)
    at async Appointment.create (D:\Workspace\petshop-backend\petshop-backend\backend\node_modules\sequelize\lib\model.js:1362:12)
    at async exports.createAppointment (D:\Workspace\petshop-backend\petshop-backend\backend\controllers\appointment.js:22:28);
2024-11-19T09:31:31.435Z [Pet Care Management System] error: Error
    at Query.run (D:\Workspace\petshop-backend\petshop-backend\backend\node_modules\sequelize\lib\dialects\postgres\query.js:50:25)
    at D:\Workspace\petshop-backend\petshop-backend\backend\node_modules\sequelize\lib\sequelize.js:315:28
    at process.processTicksAndRejections (node:internal/process/task_queues:95:5)
    at async PostgresQueryInterface.insert (D:\Workspace\petshop-backend\petshop-backend\backend\node_modules\sequelize\lib\dialects\abstract\query-interface.js:308:21)
    at async model.save (D:\Workspace\petshop-backend\petshop-backend\backend\node_modules\sequelize\lib\model.js:2490:35)
    at async Transactiondetails.create (D:\Workspace\petshop-backend\petshop-backend\backend\node_modules\sequelize\lib\model.js:1362:12)
    at async exports.updateTransaction (D:\Workspace\petshop-backend\petshop-backend\backend\controllers\transaction.js:141:11);
2024-11-19T10:49:25.391Z [Pet Care Management System] error: Error
    at Query.run (D:\Workspace\petshop-backend\petshop-backend\backend\node_modules\sequelize\lib\dialects\postgres\query.js:50:25)
    at D:\Workspace\petshop-backend\petshop-backend\backend\node_modules\sequelize\lib\sequelize.js:315:28
    at process.processTicksAndRejections (node:internal/process/task_queues:95:5)
    at async PostgresQueryInterface.insert (D:\Workspace\petshop-backend\petshop-backend\backend\node_modules\sequelize\lib\dialects\abstract\query-interface.js:308:21)
    at async model.save (D:\Workspace\petshop-backend\petshop-backend\backend\node_modules\sequelize\lib\model.js:2490:35)
    at async Appointment.create (D:\Workspace\petshop-backend\petshop-backend\backend\node_modules\sequelize\lib\model.js:1362:12)
    at async exports.createAppointment (D:\Workspace\petshop-backend\petshop-backend\backend\controllers\appointment.js:22:28);
2024-11-19T10:49:50.076Z [Pet Care Management System] error: ReferenceError: PaymentHistory is not defined
    at exports.addTransaction (D:\Workspace\petshop-backend\petshop-backend\backend\controllers\transaction.js:58:5)
    at process.processTicksAndRejections (node:internal/process/task_queues:95:5);
2024-11-19T10:54:01.989Z [Pet Care Management System] error: Error
    at Query.run (D:\Workspace\petshop-backend\petshop-backend\backend\node_modules\sequelize\lib\dialects\postgres\query.js:50:25)
    at D:\Workspace\petshop-backend\petshop-backend\backend\node_modules\sequelize\lib\sequelize.js:315:28
    at process.processTicksAndRejections (node:internal/process/task_queues:95:5)
    at async PostgresQueryInterface.insert (D:\Workspace\petshop-backend\petshop-backend\backend\node_modules\sequelize\lib\dialects\abstract\query-interface.js:308:21)
    at async model.save (D:\Workspace\petshop-backend\petshop-backend\backend\node_modules\sequelize\lib\model.js:2490:35)
    at async Paymenthistory.create (D:\Workspace\petshop-backend\petshop-backend\backend\node_modules\sequelize\lib\model.js:1362:12)
    at async exports.addTransaction (D:\Workspace\petshop-backend\petshop-backend\backend\controllers\transaction.js:59:5);
2024-11-19T10:55:54.557Z [Pet Care Management System] error: Error
    at Query.run (D:\Workspace\petshop-backend\petshop-backend\backend\node_modules\sequelize\lib\dialects\postgres\query.js:50:25)
    at D:\Workspace\petshop-backend\petshop-backend\backend\node_modules\sequelize\lib\sequelize.js:315:28
    at process.processTicksAndRejections (node:internal/process/task_queues:95:5)
    at async PostgresQueryInterface.insert (D:\Workspace\petshop-backend\petshop-backend\backend\node_modules\sequelize\lib\dialects\abstract\query-interface.js:308:21)
    at async model.save (D:\Workspace\petshop-backend\petshop-backend\backend\node_modules\sequelize\lib\model.js:2490:35)
    at async Appointment.create (D:\Workspace\petshop-backend\petshop-backend\backend\node_modules\sequelize\lib\model.js:1362:12)
    at async exports.createAppointment (D:\Workspace\petshop-backend\petshop-backend\backend\controllers\appointment.js:22:28);
2024-12-03T15:09:59.945Z [Pet Care Management System] error: Error
    at Query.run (D:\petshop-1\petshop\backend\node_modules\sequelize\lib\dialects\postgres\query.js:50:25)
    at D:\petshop-1\petshop\backend\node_modules\sequelize\lib\sequelize.js:315:28
    at process.processTicksAndRejections (node:internal/process/task_queues:95:5)
    at async PostgresQueryInterface.select (D:\petshop-1\petshop\backend\node_modules\sequelize\lib\dialects\abstract\query-interface.js:407:12)
    at async Category.findAll (D:\petshop-1\petshop\backend\node_modules\sequelize\lib\model.js:1140:21)
    at async Category.findOne (D:\petshop-1\petshop\backend\node_modules\sequelize\lib\model.js:1240:12)
    at async exports.createCategory (D:\petshop-1\petshop\backend\controllers\category.js:9:30);
2024-12-03T15:11:37.153Z [Pet Care Management System] error: Error
    at Query.run (D:\petshop-1\petshop\backend\node_modules\sequelize\lib\dialects\postgres\query.js:50:25)
    at D:\petshop-1\petshop\backend\node_modules\sequelize\lib\sequelize.js:315:28
    at process.processTicksAndRejections (node:internal/process/task_queues:95:5)
    at async PostgresQueryInterface.select (D:\petshop-1\petshop\backend\node_modules\sequelize\lib\dialects\abstract\query-interface.js:407:12)
    at async Category.findAll (D:\petshop-1\petshop\backend\node_modules\sequelize\lib\model.js:1140:21)
    at async Category.findOne (D:\petshop-1\petshop\backend\node_modules\sequelize\lib\model.js:1240:12)
    at async exports.createCategory (D:\petshop-1\petshop\backend\controllers\category.js:9:30);
2024-12-03T15:12:37.513Z [Pet Care Management System] error: Error
    at Query.run (D:\petshop-1\petshop\backend\node_modules\sequelize\lib\dialects\postgres\query.js:50:25)
    at D:\petshop-1\petshop\backend\node_modules\sequelize\lib\sequelize.js:315:28
    at process.processTicksAndRejections (node:internal/process/task_queues:95:5)
    at async PostgresQueryInterface.select (D:\petshop-1\petshop\backend\node_modules\sequelize\lib\dialects\abstract\query-interface.js:407:12)
    at async Category.findAll (D:\petshop-1\petshop\backend\node_modules\sequelize\lib\model.js:1140:21)
    at async Category.findOne (D:\petshop-1\petshop\backend\node_modules\sequelize\lib\model.js:1240:12)
    at async exports.createCategory (D:\petshop-1\petshop\backend\controllers\category.js:9:30);
2024-12-03T15:13:04.320Z [Pet Care Management System] error: Error
    at Query.run (D:\petshop-1\petshop\backend\node_modules\sequelize\lib\dialects\postgres\query.js:50:25)
    at D:\petshop-1\petshop\backend\node_modules\sequelize\lib\sequelize.js:315:28
    at process.processTicksAndRejections (node:internal/process/task_queues:95:5)
    at async PostgresQueryInterface.select (D:\petshop-1\petshop\backend\node_modules\sequelize\lib\dialects\abstract\query-interface.js:407:12)
    at async Category.findAll (D:\petshop-1\petshop\backend\node_modules\sequelize\lib\model.js:1140:21)
    at async Category.findOne (D:\petshop-1\petshop\backend\node_modules\sequelize\lib\model.js:1240:12)
    at async exports.createCategory (D:\petshop-1\petshop\backend\controllers\category.js:9:30);
2024-12-03T15:23:10.783Z [Pet Care Management System] error: SequelizeQueryError: The argument passed to findAll must be an options object, use findByPk if you wish to pass a single primary key value
    at Product.findAll (D:\petshop-1\petshop\backend\node_modules\sequelize\lib\model.js:1092:13)
    at exports.getProductByCategoryid (D:\petshop-1\petshop\backend\controllers\product.js:139:35)
    at Layer.handle [as handle_request] (D:\petshop-1\petshop\backend\node_modules\express\lib\router\layer.js:95:5)
    at next (D:\petshop-1\petshop\backend\node_modules\express\lib\router\route.js:149:13)
    at exports.verifyToken (D:\petshop-1\petshop\backend\middlewares\authRole.js:21:5)
    at Layer.handle [as handle_request] (D:\petshop-1\petshop\backend\node_modules\express\lib\router\layer.js:95:5)
    at next (D:\petshop-1\petshop\backend\node_modules\express\lib\router\route.js:149:13)
    at Route.dispatch (D:\petshop-1\petshop\backend\node_modules\express\lib\router\route.js:119:3)
    at Layer.handle [as handle_request] (D:\petshop-1\petshop\backend\node_modules\express\lib\router\layer.js:95:5)
    at D:\petshop-1\petshop\backend\node_modules\express\lib\router\index.js:284:15;
2024-12-03T15:43:23.837Z [Pet Care Management System] error: Error: WHERE parameter "categoryId" has invalid "undefined" value
    at PostgresQueryGenerator.whereItemQuery (D:\petshop-1\petshop\backend\node_modules\sequelize\lib\dialects\abstract\query-generator.js:1746:13)
    at D:\petshop-1\petshop\backend\node_modules\sequelize\lib\dialects\abstract\query-generator.js:1737:25
    at Array.forEach (<anonymous>)
    at PostgresQueryGenerator.whereItemsQuery (D:\petshop-1\petshop\backend\node_modules\sequelize\lib\dialects\abstract\query-generator.js:1735:35)
    at PostgresQueryGenerator.getWhereConditions (D:\petshop-1\petshop\backend\node_modules\sequelize\lib\dialects\abstract\query-generator.js:2078:19)
    at PostgresQueryGenerator.selectQuery (D:\petshop-1\petshop\backend\node_modules\sequelize\lib\dialects\abstract\query-generator.js:991:28)
    at PostgresQueryInterface.select (D:\petshop-1\petshop\backend\node_modules\sequelize\lib\dialects\abstract\query-interface.js:407:59)
    at Product.findAll (D:\petshop-1\petshop\backend\node_modules\sequelize\lib\model.js:1140:47)
    at process.processTicksAndRejections (node:internal/process/task_queues:95:5)
    at async Product.findOne (D:\petshop-1\petshop\backend\node_modules\sequelize\lib\model.js:1240:12);
2024-12-03T15:46:43.210Z [Pet Care Management System] error: Error: WHERE parameter "categoryId" has invalid "undefined" value
    at PostgresQueryGenerator.whereItemQuery (D:\petshop-1\petshop\backend\node_modules\sequelize\lib\dialects\abstract\query-generator.js:1746:13)
    at D:\petshop-1\petshop\backend\node_modules\sequelize\lib\dialects\abstract\query-generator.js:1737:25
    at Array.forEach (<anonymous>)
    at PostgresQueryGenerator.whereItemsQuery (D:\petshop-1\petshop\backend\node_modules\sequelize\lib\dialects\abstract\query-generator.js:1735:35)
    at PostgresQueryGenerator.getWhereConditions (D:\petshop-1\petshop\backend\node_modules\sequelize\lib\dialects\abstract\query-generator.js:2078:19)
    at PostgresQueryGenerator.selectQuery (D:\petshop-1\petshop\backend\node_modules\sequelize\lib\dialects\abstract\query-generator.js:991:28)
    at PostgresQueryInterface.select (D:\petshop-1\petshop\backend\node_modules\sequelize\lib\dialects\abstract\query-interface.js:407:59)
    at Product.findAll (D:\petshop-1\petshop\backend\node_modules\sequelize\lib\model.js:1140:47)
    at process.processTicksAndRejections (node:internal/process/task_queues:95:5)
    at async Product.findOne (D:\petshop-1\petshop\backend\node_modules\sequelize\lib\model.js:1240:12);
2024-12-03T15:47:27.337Z [Pet Care Management System] error: Error: WHERE parameter "categoryId" has invalid "undefined" value
    at PostgresQueryGenerator.whereItemQuery (D:\petshop-1\petshop\backend\node_modules\sequelize\lib\dialects\abstract\query-generator.js:1746:13)
    at D:\petshop-1\petshop\backend\node_modules\sequelize\lib\dialects\abstract\query-generator.js:1737:25
    at Array.forEach (<anonymous>)
    at PostgresQueryGenerator.whereItemsQuery (D:\petshop-1\petshop\backend\node_modules\sequelize\lib\dialects\abstract\query-generator.js:1735:35)
    at PostgresQueryGenerator.getWhereConditions (D:\petshop-1\petshop\backend\node_modules\sequelize\lib\dialects\abstract\query-generator.js:2078:19)
    at PostgresQueryGenerator.selectQuery (D:\petshop-1\petshop\backend\node_modules\sequelize\lib\dialects\abstract\query-generator.js:991:28)
    at PostgresQueryInterface.select (D:\petshop-1\petshop\backend\node_modules\sequelize\lib\dialects\abstract\query-interface.js:407:59)
    at Product.findAll (D:\petshop-1\petshop\backend\node_modules\sequelize\lib\model.js:1140:47)
    at process.processTicksAndRejections (node:internal/process/task_queues:95:5)
    at async Product.findOne (D:\petshop-1\petshop\backend\node_modules\sequelize\lib\model.js:1240:12);
2024-12-09T15:57:43.450Z [Pet Care Management System] error: Error
    at Query.run (D:\petshop-1\petshop\backend\node_modules\sequelize\lib\dialects\postgres\query.js:50:25)
    at D:\petshop-1\petshop\backend\node_modules\sequelize\lib\sequelize.js:315:28
    at process.processTicksAndRejections (node:internal/process/task_queues:95:5)
    at async PostgresQueryInterface.insert (D:\petshop-1\petshop\backend\node_modules\sequelize\lib\dialects\abstract\query-interface.js:308:21)
    at async model.save (D:\petshop-1\petshop\backend\node_modules\sequelize\lib\model.js:2490:35)
    at async Appointment.create (D:\petshop-1\petshop\backend\node_modules\sequelize\lib\model.js:1362:12)
    at async exports.createAppointment (D:\petshop-1\petshop\backend\controllers\appointment.js:22:28);
2024-12-12T17:01:40.883Z [Pet Care Management System] error: Error
    at Query.run (D:\petshop-1\petshop\backend\node_modules\sequelize\lib\dialects\postgres\query.js:50:25)
    at D:\petshop-1\petshop\backend\node_modules\sequelize\lib\sequelize.js:315:28
    at process.processTicksAndRejections (node:internal/process/task_queues:95:5)
    at async PostgresQueryInterface.insert (D:\petshop-1\petshop\backend\node_modules\sequelize\lib\dialects\abstract\query-interface.js:308:21)
    at async model.save (D:\petshop-1\petshop\backend\node_modules\sequelize\lib\model.js:2490:35)
    at async Paymenthistory.create (D:\petshop-1\petshop\backend\node_modules\sequelize\lib\model.js:1362:12)
    at async exports.addTransaction (D:\petshop-1\petshop\backend\controllers\transaction.js:59:5);
2024-12-12T17:34:57.363Z [Pet Care Management System] error: Error
    at Query.run (D:\petshop-1\petshop\backend\node_modules\sequelize\lib\dialects\postgres\query.js:50:25)
    at D:\petshop-1\petshop\backend\node_modules\sequelize\lib\sequelize.js:315:28
    at process.processTicksAndRejections (node:internal/process/task_queues:95:5)
    at async PostgresQueryInterface.insert (D:\petshop-1\petshop\backend\node_modules\sequelize\lib\dialects\abstract\query-interface.js:308:21)
    at async model.save (D:\petshop-1\petshop\backend\node_modules\sequelize\lib\model.js:2490:35)
    at async Paymenthistory.create (D:\petshop-1\petshop\backend\node_modules\sequelize\lib\model.js:1362:12)
    at async exports.addTransaction (D:\petshop-1\petshop\backend\controllers\transaction.js:81:5);
2024-12-12T17:35:44.842Z [Pet Care Management System] error: Error
    at Query.run (D:\petshop-1\petshop\backend\node_modules\sequelize\lib\dialects\postgres\query.js:50:25)
    at D:\petshop-1\petshop\backend\node_modules\sequelize\lib\sequelize.js:315:28
    at process.processTicksAndRejections (node:internal/process/task_queues:95:5)
    at async PostgresQueryInterface.insert (D:\petshop-1\petshop\backend\node_modules\sequelize\lib\dialects\abstract\query-interface.js:308:21)
    at async model.save (D:\petshop-1\petshop\backend\node_modules\sequelize\lib\model.js:2490:35)
    at async Paymenthistory.create (D:\petshop-1\petshop\backend\node_modules\sequelize\lib\model.js:1362:12)
    at async exports.addTransaction (D:\petshop-1\petshop\backend\controllers\transaction.js:81:5);
2024-12-12T17:37:26.390Z [Pet Care Management System] error: Error
    at Query.run (D:\petshop-1\petshop\backend\node_modules\sequelize\lib\dialects\postgres\query.js:50:25)
    at D:\petshop-1\petshop\backend\node_modules\sequelize\lib\sequelize.js:315:28
    at process.processTicksAndRejections (node:internal/process/task_queues:95:5)
    at async PostgresQueryInterface.insert (D:\petshop-1\petshop\backend\node_modules\sequelize\lib\dialects\abstract\query-interface.js:308:21)
    at async model.save (D:\petshop-1\petshop\backend\node_modules\sequelize\lib\model.js:2490:35)
    at async Paymenthistory.create (D:\petshop-1\petshop\backend\node_modules\sequelize\lib\model.js:1362:12)
    at async exports.addTransaction (D:\petshop-1\petshop\backend\controllers\transaction.js:81:5);
2024-12-12T17:41:30.410Z [Pet Care Management System] error: Error: Insufficient stock for product with ID 1
    at exports.addTransaction (D:\petshop-1\petshop\backend\controllers\transaction.js:72:15)
    at process.processTicksAndRejections (node:internal/process/task_queues:95:5);
