2024-11-14T10:35:58.709Z [Pet Care Management System] error: ReferenceError: Cannot access 'category' before initialization
    at exports.updateCategory (D:\Workspace\petshop-backend\petshop-backend\backend\controllers\category.js:33:22)
    at Layer.handle [as handle_request] (D:\Workspace\petshop-backend\petshop-backend\backend\node_modules\express\lib\router\layer.js:95:5)
    at next (D:\Workspace\petshop-backend\petshop-backend\backend\node_modules\express\lib\router\route.js:149:13)
    at Route.dispatch (D:\Workspace\petshop-backend\petshop-backend\backend\node_modules\express\lib\router\route.js:119:3)
    at Layer.handle [as handle_request] (D:\Workspace\petshop-backend\petshop-backend\backend\node_modules\express\lib\router\layer.js:95:5)
    at D:\Workspace\petshop-backend\petshop-backend\backend\node_modules\express\lib\router\index.js:284:15
    at param (D:\Workspace\petshop-backend\petshop-backend\backend\node_modules\express\lib\router\index.js:365:14)
    at param (D:\Workspace\petshop-backend\petshop-backend\backend\node_modules\express\lib\router\index.js:376:14)
    at Function.process_params (D:\Workspace\petshop-backend\petshop-backend\backend\node_modules\express\lib\router\index.js:421:3)
    at next (D:\Workspace\petshop-backend\petshop-backend\backend\node_modules\express\lib\router\index.js:280:10);
2024-11-14T10:36:10.898Z [Pet Care Management System] error: ReferenceError: Cannot access 'category' before initialization
    at exports.updateCategory (D:\Workspace\petshop-backend\petshop-backend\backend\controllers\category.js:33:22)
    at Layer.handle [as handle_request] (D:\Workspace\petshop-backend\petshop-backend\backend\node_modules\express\lib\router\layer.js:95:5)
    at next (D:\Workspace\petshop-backend\petshop-backend\backend\node_modules\express\lib\router\route.js:149:13)
    at Route.dispatch (D:\Workspace\petshop-backend\petshop-backend\backend\node_modules\express\lib\router\route.js:119:3)
    at Layer.handle [as handle_request] (D:\Workspace\petshop-backend\petshop-backend\backend\node_modules\express\lib\router\layer.js:95:5)
    at D:\Workspace\petshop-backend\petshop-backend\backend\node_modules\express\lib\router\index.js:284:15
    at param (D:\Workspace\petshop-backend\petshop-backend\backend\node_modules\express\lib\router\index.js:365:14)
    at param (D:\Workspace\petshop-backend\petshop-backend\backend\node_modules\express\lib\router\index.js:376:14)
    at Function.process_params (D:\Workspace\petshop-backend\petshop-backend\backend\node_modules\express\lib\router\index.js:421:3)
    at next (D:\Workspace\petshop-backend\petshop-backend\backend\node_modules\express\lib\router\index.js:280:10);
2024-11-14T10:38:38.867Z [Pet Care Management System] error: ReferenceError: Cannot access 'category' before initialization
    at exports.updateCategory (D:\Workspace\petshop-backend\petshop-backend\backend\controllers\category.js:33:22)
    at Layer.handle [as handle_request] (D:\Workspace\petshop-backend\petshop-backend\backend\node_modules\express\lib\router\layer.js:95:5)
    at next (D:\Workspace\petshop-backend\petshop-backend\backend\node_modules\express\lib\router\route.js:149:13)
    at Route.dispatch (D:\Workspace\petshop-backend\petshop-backend\backend\node_modules\express\lib\router\route.js:119:3)
    at Layer.handle [as handle_request] (D:\Workspace\petshop-backend\petshop-backend\backend\node_modules\express\lib\router\layer.js:95:5)
    at D:\Workspace\petshop-backend\petshop-backend\backend\node_modules\express\lib\router\index.js:284:15
    at param (D:\Workspace\petshop-backend\petshop-backend\backend\node_modules\express\lib\router\index.js:365:14)
    at param (D:\Workspace\petshop-backend\petshop-backend\backend\node_modules\express\lib\router\index.js:376:14)
    at Function.process_params (D:\Workspace\petshop-backend\petshop-backend\backend\node_modules\express\lib\router\index.js:421:3)
    at next (D:\Workspace\petshop-backend\petshop-backend\backend\node_modules\express\lib\router\index.js:280:10);
2024-11-14T10:44:50.804Z [Pet Care Management System] error: ReferenceError: Cannot access 'category' before initialization
    at exports.updateCategory (D:\Workspace\petshop-backend\petshop-backend\backend\controllers\category.js:33:22)
    at Layer.handle [as handle_request] (D:\Workspace\petshop-backend\petshop-backend\backend\node_modules\express\lib\router\layer.js:95:5)
    at next (D:\Workspace\petshop-backend\petshop-backend\backend\node_modules\express\lib\router\route.js:149:13)
    at Route.dispatch (D:\Workspace\petshop-backend\petshop-backend\backend\node_modules\express\lib\router\route.js:119:3)
    at Layer.handle [as handle_request] (D:\Workspace\petshop-backend\petshop-backend\backend\node_modules\express\lib\router\layer.js:95:5)
    at D:\Workspace\petshop-backend\petshop-backend\backend\node_modules\express\lib\router\index.js:284:15
    at param (D:\Workspace\petshop-backend\petshop-backend\backend\node_modules\express\lib\router\index.js:365:14)
    at param (D:\Workspace\petshop-backend\petshop-backend\backend\node_modules\express\lib\router\index.js:376:14)
    at Function.process_params (D:\Workspace\petshop-backend\petshop-backend\backend\node_modules\express\lib\router\index.js:421:3)
    at next (D:\Workspace\petshop-backend\petshop-backend\backend\node_modules\express\lib\router\index.js:280:10);
2024-11-14T10:47:13.194Z [Pet Care Management System] error: ReferenceError: Cannot access 'category' before initialization
    at exports.updateCategory (D:\Workspace\petshop-backend\petshop-backend\backend\controllers\category.js:33:22)
    at Layer.handle [as handle_request] (D:\Workspace\petshop-backend\petshop-backend\backend\node_modules\express\lib\router\layer.js:95:5)
    at next (D:\Workspace\petshop-backend\petshop-backend\backend\node_modules\express\lib\router\route.js:149:13)
    at Route.dispatch (D:\Workspace\petshop-backend\petshop-backend\backend\node_modules\express\lib\router\route.js:119:3)
    at Layer.handle [as handle_request] (D:\Workspace\petshop-backend\petshop-backend\backend\node_modules\express\lib\router\layer.js:95:5)
    at D:\Workspace\petshop-backend\petshop-backend\backend\node_modules\express\lib\router\index.js:284:15
    at param (D:\Workspace\petshop-backend\petshop-backend\backend\node_modules\express\lib\router\index.js:365:14)
    at param (D:\Workspace\petshop-backend\petshop-backend\backend\node_modules\express\lib\router\index.js:376:14)
    at Function.process_params (D:\Workspace\petshop-backend\petshop-backend\backend\node_modules\express\lib\router\index.js:421:3)
    at next (D:\Workspace\petshop-backend\petshop-backend\backend\node_modules\express\lib\router\index.js:280:10);
2024-11-14T10:48:25.768Z [Pet Care Management System] error: ReferenceError: Cannot access 'category' before initialization
    at exports.updateCategory (D:\Workspace\petshop-backend\petshop-backend\backend\controllers\category.js:33:22)
    at Layer.handle [as handle_request] (D:\Workspace\petshop-backend\petshop-backend\backend\node_modules\express\lib\router\layer.js:95:5)
    at next (D:\Workspace\petshop-backend\petshop-backend\backend\node_modules\express\lib\router\route.js:149:13)
    at Route.dispatch (D:\Workspace\petshop-backend\petshop-backend\backend\node_modules\express\lib\router\route.js:119:3)
    at Layer.handle [as handle_request] (D:\Workspace\petshop-backend\petshop-backend\backend\node_modules\express\lib\router\layer.js:95:5)
    at D:\Workspace\petshop-backend\petshop-backend\backend\node_modules\express\lib\router\index.js:284:15
    at param (D:\Workspace\petshop-backend\petshop-backend\backend\node_modules\express\lib\router\index.js:365:14)
    at param (D:\Workspace\petshop-backend\petshop-backend\backend\node_modules\express\lib\router\index.js:376:14)
    at Function.process_params (D:\Workspace\petshop-backend\petshop-backend\backend\node_modules\express\lib\router\index.js:421:3)
    at next (D:\Workspace\petshop-backend\petshop-backend\backend\node_modules\express\lib\router\index.js:280:10);
2024-11-14T10:49:36.286Z [Pet Care Management System] error: ReferenceError: Cannot access 'category' before initialization
    at exports.updateCategory (D:\Workspace\petshop-backend\petshop-backend\backend\controllers\category.js:33:22)
    at Layer.handle [as handle_request] (D:\Workspace\petshop-backend\petshop-backend\backend\node_modules\express\lib\router\layer.js:95:5)
    at next (D:\Workspace\petshop-backend\petshop-backend\backend\node_modules\express\lib\router\route.js:149:13)
    at Route.dispatch (D:\Workspace\petshop-backend\petshop-backend\backend\node_modules\express\lib\router\route.js:119:3)
    at Layer.handle [as handle_request] (D:\Workspace\petshop-backend\petshop-backend\backend\node_modules\express\lib\router\layer.js:95:5)
    at D:\Workspace\petshop-backend\petshop-backend\backend\node_modules\express\lib\router\index.js:284:15
    at param (D:\Workspace\petshop-backend\petshop-backend\backend\node_modules\express\lib\router\index.js:365:14)
    at param (D:\Workspace\petshop-backend\petshop-backend\backend\node_modules\express\lib\router\index.js:376:14)
    at Function.process_params (D:\Workspace\petshop-backend\petshop-backend\backend\node_modules\express\lib\router\index.js:421:3)
    at next (D:\Workspace\petshop-backend\petshop-backend\backend\node_modules\express\lib\router\index.js:280:10);
2024-11-14T11:27:39.818Z [Pet Care Management System] error: ReferenceError: Cannot access 'product' before initialization
    at exports.updateProduct (D:\Workspace\petshop-backend\petshop-backend\backend\controllers\product.js:62:21)
    at Layer.handle [as handle_request] (D:\Workspace\petshop-backend\petshop-backend\backend\node_modules\express\lib\router\layer.js:95:5)
    at next (D:\Workspace\petshop-backend\petshop-backend\backend\node_modules\express\lib\router\route.js:149:13)
    at Route.dispatch (D:\Workspace\petshop-backend\petshop-backend\backend\node_modules\express\lib\router\route.js:119:3)
    at Layer.handle [as handle_request] (D:\Workspace\petshop-backend\petshop-backend\backend\node_modules\express\lib\router\layer.js:95:5)
    at D:\Workspace\petshop-backend\petshop-backend\backend\node_modules\express\lib\router\index.js:284:15
    at param (D:\Workspace\petshop-backend\petshop-backend\backend\node_modules\express\lib\router\index.js:365:14)
    at param (D:\Workspace\petshop-backend\petshop-backend\backend\node_modules\express\lib\router\index.js:376:14)
    at Function.process_params (D:\Workspace\petshop-backend\petshop-backend\backend\node_modules\express\lib\router\index.js:421:3)
    at next (D:\Workspace\petshop-backend\petshop-backend\backend\node_modules\express\lib\router\index.js:280:10);
2024-11-14T11:56:19.230Z [Pet Care Management System] error: ReferenceError: userId is not defined
    at exports.createAppointment (D:\Workspace\petshop-backend\petshop-backend\backend\controllers\appointment.js:11:9)
    at Layer.handle [as handle_request] (D:\Workspace\petshop-backend\petshop-backend\backend\node_modules\express\lib\router\layer.js:95:5)
    at next (D:\Workspace\petshop-backend\petshop-backend\backend\node_modules\express\lib\router\route.js:149:13)
    at Route.dispatch (D:\Workspace\petshop-backend\petshop-backend\backend\node_modules\express\lib\router\route.js:119:3)
    at Layer.handle [as handle_request] (D:\Workspace\petshop-backend\petshop-backend\backend\node_modules\express\lib\router\layer.js:95:5)
    at D:\Workspace\petshop-backend\petshop-backend\backend\node_modules\express\lib\router\index.js:284:15
    at Function.process_params (D:\Workspace\petshop-backend\petshop-backend\backend\node_modules\express\lib\router\index.js:346:12)
    at next (D:\Workspace\petshop-backend\petshop-backend\backend\node_modules\express\lib\router\index.js:280:10)
    at Function.handle (D:\Workspace\petshop-backend\petshop-backend\backend\node_modules\express\lib\router\index.js:175:3)
    at router (D:\Workspace\petshop-backend\petshop-backend\backend\node_modules\express\lib\router\index.js:47:12);
2024-11-14T11:59:39.434Z [Pet Care Management System] error: Error
    at Query.run (D:\Workspace\petshop-backend\petshop-backend\backend\node_modules\sequelize\lib\dialects\postgres\query.js:50:25)
    at D:\Workspace\petshop-backend\petshop-backend\backend\node_modules\sequelize\lib\sequelize.js:315:28
    at process.processTicksAndRejections (node:internal/process/task_queues:95:5)
    at async PostgresQueryInterface.insert (D:\Workspace\petshop-backend\petshop-backend\backend\node_modules\sequelize\lib\dialects\abstract\query-interface.js:308:21)
    at async model.save (D:\Workspace\petshop-backend\petshop-backend\backend\node_modules\sequelize\lib\model.js:2490:35)
    at async Appointment.create (D:\Workspace\petshop-backend\petshop-backend\backend\node_modules\sequelize\lib\model.js:1362:12)
    at async exports.createAppointment (D:\Workspace\petshop-backend\petshop-backend\backend\controllers\appointment.js:22:28);
